<?xml version="1.0" encoding="UTF-8"?>
<!-- Generated by org.testng.reporters.JUnitReportReporter -->
<testsuite hostname="OY1904015" failures="0" tests="1" name="com.tutorialsninja.qa.testcases.Login" time="19.686" errors="0" timestamp="2023-05-18T13:38:33 EEST" skipped="0">
  <testcase classname="com.tutorialsninja.qa.testcases.Login" name="verifyingLoginWithValidCredentials" time="19.686"/>
  <system-out/>
</testsuite> <!-- com.tutorialsninja.qa.testcases.Login -->
