<?xml version="1.0" encoding="UTF-8"?>
<!-- Generated by org.testng.reporters.JUnitReportReporter -->
<testsuite hostname="OY1904015" failures="0" tests="3" name="com.tutorialsninja.qa.testcases.Search" time="48.930" errors="0" timestamp="2023-05-24T23:19:23 EEST" skipped="0">
  <testcase classname="com.tutorialsninja.qa.testcases.Search" name="verifySearchWithValidProduct" time="15.706"/>
  <system-out/>
  <testcase classname="com.tutorialsninja.qa.testcases.Search" name="verifySearchWithInvalidProduct" time="16.919"/>
  <system-out/>
  <testcase classname="com.tutorialsninja.qa.testcases.Search" name="verifySearchWithoutAnyProduct" time="16.305"/>
  <system-out/>
</testsuite> <!-- com.tutorialsninja.qa.testcases.Search -->
