<?xml version="1.0" encoding="UTF-8"?>
<!-- Generated by org.testng.reporters.JUnitReportReporter -->
<testsuite hostname="OY1904015" failures="0" tests="4" name="com.tutorialsninja.qa.testcases.Register" time="80.752" errors="0" timestamp="2023-05-24T23:19:23 EEST" skipped="0">
  <testcase classname="com.tutorialsninja.qa.testcases.Register" name="verifyRegistrationOfAccountWithMandatoryFields" time="20.106"/>
  <system-out/>
  <testcase classname="com.tutorialsninja.qa.testcases.Register" name="registerAccountByProvidingAllFields" time="17.640"/>
  <system-out/>
  <testcase classname="com.tutorialsninja.qa.testcases.Register" name="registerAccountWithAnExistingEmail" time="20.445"/>
  <system-out/>
  <testcase classname="com.tutorialsninja.qa.testcases.Register" name="verifyRegistrationWithoutFillingAnyDetails" time="22.561"/>
  <system-out/>
</testsuite> <!-- com.tutorialsninja.qa.testcases.Register -->
