<?xml version="1.0" encoding="UTF-8"?>
<!-- Generated by org.testng.reporters.JUnitReportReporter -->
<testsuite hostname="OY1904015" failures="0" tests="4" name="com.tutorialsninja.qa.testcases.Login" time="74.147" errors="0" timestamp="2023-05-24T23:19:23 EEST" skipped="0">
  <testcase classname="com.tutorialsninja.qa.testcases.Login" name="verifyingLoginWithValidCredentials" time="20.700"/>
  <system-out/>
  <testcase classname="com.tutorialsninja.qa.testcases.Login" name="loginWithWrongDetails" time="15.765"/>
  <system-out/>
  <testcase classname="com.tutorialsninja.qa.testcases.Login" name="verifyingLoginWithValidEmailAndInvalidPassword" time="18.229"/>
  <system-out/>
  <testcase classname="com.tutorialsninja.qa.testcases.Login" name="verifyingLoginWithoutProvidingCredentials" time="19.453"/>
  <system-out/>
</testsuite> <!-- com.tutorialsninja.qa.testcases.Login -->
